{"D:\\fyp\\server\\app.js": {"path":"D:\\fyp\\server\\app.js","statementMap":{"0":{"start":{"line":13,"column":12},"end":{"line":13,"column":21}},"1":{"start":{"line":15,"column":0},"end":{"line":15,"column":24}},"2":{"start":{"line":17,"column":0},"end":{"line":21,"column":2}},"3":{"start":{"line":23,"column":0},"end":{"line":23,"column":38}},"4":{"start":{"line":24,"column":0},"end":{"line":24,"column":31}},"5":{"start":{"line":25,"column":0},"end":{"line":25,"column":37}},"6":{"start":{"line":26,"column":0},"end":{"line":26,"column":36}},"7":{"start":{"line":27,"column":0},"end":{"line":27,"column":36}},"8":{"start":{"line":28,"column":0},"end":{"line":28,"column":36}},"9":{"start":{"line":29,"column":0},"end":{"line":29,"column":29}},"10":{"start":{"line":30,"column":0},"end":{"line":30,"column":33}},"11":{"start":{"line":31,"column":0},"end":{"line":31,"column":31}},"12":{"start":{"line":32,"column":0},"end":{"line":32,"column":36}}},"fnMap":{},"branchMap":{},"s":{"0":1,"1":1,"2":1,"3":1,"4":1,"5":1,"6":1,"7":1,"8":1,"9":1,"10":1,"11":1,"12":1},"f":{},"b":{},"_coverageSchema":"1a1c01bbd47fc00a2c39e90264f33305004495a9","hash":"c1f6485e911054dc9e59006f1bc0761468eae03c"}
,"D:\\fyp\\server\\middleware\\authMiddleware.js": {"path":"D:\\fyp\\server\\middleware\\authMiddleware.js","statementMap":{"0":{"start":{"line":3,"column":30},"end":{"line":18,"column":1}},"1":{"start":{"line":4,"column":21},"end":{"line":4,"column":46}},"2":{"start":{"line":6,"column":2},"end":{"line":7,"column":66}},"3":{"start":{"line":7,"column":4},"end":{"line":7,"column":66}},"4":{"start":{"line":9,"column":16},"end":{"line":9,"column":40}},"5":{"start":{"line":11,"column":2},"end":{"line":17,"column":5}},"6":{"start":{"line":12,"column":4},"end":{"line":13,"column":75}},"7":{"start":{"line":13,"column":6},"end":{"line":13,"column":75}},"8":{"start":{"line":15,"column":4},"end":{"line":15,"column":23}},"9":{"start":{"line":16,"column":4},"end":{"line":16,"column":11}}},"fnMap":{"0":{"name":"(anonymous_0)","decl":{"start":{"line":3,"column":30},"end":{"line":3,"column":31}},"loc":{"start":{"line":3,"column":50},"end":{"line":18,"column":1}},"line":3},"1":{"name":"(anonymous_1)","decl":{"start":{"line":11,"column":44},"end":{"line":11,"column":45}},"loc":{"start":{"line":11,"column":62},"end":{"line":17,"column":3}},"line":11}},"branchMap":{"0":{"loc":{"start":{"line":6,"column":2},"end":{"line":7,"column":66}},"type":"if","locations":[{"start":{"line":6,"column":2},"end":{"line":7,"column":66}},{"start":{},"end":{}}],"line":6},"1":{"loc":{"start":{"line":12,"column":4},"end":{"line":13,"column":75}},"type":"if","locations":[{"start":{"line":12,"column":4},"end":{"line":13,"column":75}},{"start":{},"end":{}}],"line":12}},"s":{"0":1,"1":0,"2":0,"3":0,"4":0,"5":0,"6":0,"7":0,"8":0,"9":0},"f":{"0":0,"1":0},"b":{"0":[0,0],"1":[0,0]},"_coverageSchema":"1a1c01bbd47fc00a2c39e90264f33305004495a9","hash":"1d177e83f18f6cea9474ddd0311a73e45d82c6f6"}
,"D:\\fyp\\server\\middleware\\roleMiddleware.js": {"path":"D:\\fyp\\server\\middleware\\roleMiddleware.js","statementMap":{"0":{"start":{"line":3,"column":25},"end":{"line":33,"column":1}},"1":{"start":{"line":4,"column":2},"end":{"line":32,"column":4}},"2":{"start":{"line":5,"column":19},"end":{"line":5,"column":31}},"3":{"start":{"line":6,"column":22},"end":{"line":6,"column":35}},"4":{"start":{"line":8,"column":37},"end":{"line":12,"column":15}},"5":{"start":{"line":14,"column":4},"end":{"line":14,"column":69}},"6":{"start":{"line":14,"column":15},"end":{"line":14,"column":69}},"7":{"start":{"line":17,"column":6},"end":{"line":19,"column":23}},"8":{"start":{"line":21,"column":24},"end":{"line":21,"column":66}},"9":{"start":{"line":21,"column":49},"end":{"line":21,"column":65}},"10":{"start":{"line":23,"column":4},"end":{"line":25,"column":5}},"11":{"start":{"line":24,"column":6},"end":{"line":24,"column":70}},"12":{"start":{"line":27,"column":4},"end":{"line":29,"column":5}},"13":{"start":{"line":28,"column":6},"end":{"line":28,"column":67}},"14":{"start":{"line":31,"column":4},"end":{"line":31,"column":11}}},"fnMap":{"0":{"name":"(anonymous_0)","decl":{"start":{"line":3,"column":25},"end":{"line":3,"column":26}},"loc":{"start":{"line":3,"column":43},"end":{"line":33,"column":1}},"line":3},"1":{"name":"(anonymous_1)","decl":{"start":{"line":4,"column":9},"end":{"line":4,"column":10}},"loc":{"start":{"line":4,"column":35},"end":{"line":32,"column":3}},"line":4},"2":{"name":"(anonymous_2)","decl":{"start":{"line":21,"column":42},"end":{"line":21,"column":43}},"loc":{"start":{"line":21,"column":49},"end":{"line":21,"column":65}},"line":21}},"branchMap":{"0":{"loc":{"start":{"line":14,"column":4},"end":{"line":14,"column":69}},"type":"if","locations":[{"start":{"line":14,"column":4},"end":{"line":14,"column":69}},{"start":{},"end":{}}],"line":14},"1":{"loc":{"start":{"line":17,"column":6},"end":{"line":19,"column":23}},"type":"cond-expr","locations":[{"start":{"line":18,"column":10},"end":{"line":18,"column":35}},{"start":{"line":19,"column":10},"end":{"line":19,"column":23}}],"line":17},"2":{"loc":{"start":{"line":23,"column":4},"end":{"line":25,"column":5}},"type":"if","locations":[{"start":{"line":23,"column":4},"end":{"line":25,"column":5}},{"start":{},"end":{}}],"line":23},"3":{"loc":{"start":{"line":27,"column":4},"end":{"line":29,"column":5}},"type":"if","locations":[{"start":{"line":27,"column":4},"end":{"line":29,"column":5}},{"start":{},"end":{}}],"line":27}},"s":{"0":1,"1":8,"2":0,"3":0,"4":0,"5":0,"6":0,"7":0,"8":0,"9":0,"10":0,"11":0,"12":0,"13":0,"14":0},"f":{"0":8,"1":0,"2":0},"b":{"0":[0,0],"1":[0,0],"2":[0,0],"3":[0,0]},"_coverageSchema":"1a1c01bbd47fc00a2c39e90264f33305004495a9","hash":"60369a1a8d4aa853bac552b69db87ebacac5267d"}
,"D:\\fyp\\server\\routes\\calendar.js": {"path":"D:\\fyp\\server\\routes\\calendar.js","statementMap":{"0":{"start":{"line":4,"column":22},"end":{"line":4,"column":38}},"1":{"start":{"line":6,"column":0},"end":{"line":66,"column":3}},"2":{"start":{"line":7,"column":2},"end":{"line":65,"column":3}},"3":{"start":{"line":8,"column":34},"end":{"line":8,"column":42}},"4":{"start":{"line":10,"column":4},"end":{"line":12,"column":5}},"5":{"start":{"line":11,"column":6},"end":{"line":11,"column":70}},"6":{"start":{"line":14,"column":4},"end":{"line":16,"column":5}},"7":{"start":{"line":15,"column":6},"end":{"line":15,"column":78}},"8":{"start":{"line":18,"column":17},"end":{"line":18,"column":19}},"9":{"start":{"line":20,"column":4},"end":{"line":32,"column":5}},"10":{"start":{"line":21,"column":6},"end":{"line":31,"column":7}},"11":{"start":{"line":22,"column":8},"end":{"line":30,"column":11}},"12":{"start":{"line":35,"column":35},"end":{"line":38,"column":34}},"13":{"start":{"line":40,"column":4},"end":{"line":43,"column":5}},"14":{"start":{"line":41,"column":6},"end":{"line":41,"column":50}},"15":{"start":{"line":42,"column":6},"end":{"line":42,"column":80}},"16":{"start":{"line":46,"column":4},"end":{"line":55,"column":5}},"17":{"start":{"line":47,"column":37},"end":{"line":49,"column":21}},"18":{"start":{"line":51,"column":6},"end":{"line":54,"column":7}},"19":{"start":{"line":52,"column":8},"end":{"line":52,"column":52}},"20":{"start":{"line":53,"column":8},"end":{"line":53,"column":72}},"21":{"start":{"line":57,"column":4},"end":{"line":61,"column":7}},"22":{"start":{"line":63,"column":4},"end":{"line":63,"column":44}},"23":{"start":{"line":64,"column":4},"end":{"line":64,"column":68}},"24":{"start":{"line":68,"column":0},"end":{"line":108,"column":3}},"25":{"start":{"line":69,"column":2},"end":{"line":107,"column":3}},"26":{"start":{"line":70,"column":26},"end":{"line":70,"column":36}},"27":{"start":{"line":72,"column":4},"end":{"line":74,"column":5}},"28":{"start":{"line":73,"column":6},"end":{"line":73,"column":70}},"29":{"start":{"line":76,"column":28},"end":{"line":80,"column":41}},"30":{"start":{"line":82,"column":4},"end":{"line":85,"column":5}},"31":{"start":{"line":83,"column":6},"end":{"line":83,"column":43}},"32":{"start":{"line":84,"column":6},"end":{"line":84,"column":71}},"33":{"start":{"line":88,"column":22},"end":{"line":88,"column":24}},"34":{"start":{"line":90,"column":4},"end":{"line":101,"column":5}},"35":{"start":{"line":91,"column":6},"end":{"line":93,"column":7}},"36":{"start":{"line":92,"column":8},"end":{"line":92,"column":33}},"37":{"start":{"line":94,"column":6},"end":{"line":100,"column":9}},"38":{"start":{"line":103,"column":4},"end":{"line":103,"column":66}},"39":{"start":{"line":105,"column":4},"end":{"line":105,"column":44}},"40":{"start":{"line":106,"column":4},"end":{"line":106,"column":68}}},"fnMap":{"0":{"name":"(anonymous_0)","decl":{"start":{"line":6,"column":24},"end":{"line":6,"column":25}},"loc":{"start":{"line":6,"column":44},"end":{"line":66,"column":1}},"line":6},"1":{"name":"(anonymous_1)","decl":{"start":{"line":68,"column":33},"end":{"line":68,"column":34}},"loc":{"start":{"line":68,"column":53},"end":{"line":108,"column":1}},"line":68}},"branchMap":{"0":{"loc":{"start":{"line":10,"column":4},"end":{"line":12,"column":5}},"type":"if","locations":[{"start":{"line":10,"column":4},"end":{"line":12,"column":5}},{"start":{},"end":{}}],"line":10},"1":{"loc":{"start":{"line":14,"column":4},"end":{"line":16,"column":5}},"type":"if","locations":[{"start":{"line":14,"column":4},"end":{"line":16,"column":5}},{"start":{},"end":{}}],"line":14},"2":{"loc":{"start":{"line":14,"column":8},"end":{"line":14,"column":45}},"type":"binary-expr","locations":[{"start":{"line":14,"column":8},"end":{"line":14,"column":15}},{"start":{"line":14,"column":19},"end":{"line":14,"column":45}}],"line":14},"3":{"loc":{"start":{"line":27,"column":16},"end":{"line":27,"column":34}},"type":"binary-expr","locations":[{"start":{"line":27,"column":16},"end":{"line":27,"column":26}},{"start":{"line":27,"column":30},"end":{"line":27,"column":34}}],"line":27},"4":{"loc":{"start":{"line":28,"column":23},"end":{"line":28,"column":48}},"type":"binary-expr","locations":[{"start":{"line":28,"column":23},"end":{"line":28,"column":40}},{"start":{"line":28,"column":44},"end":{"line":28,"column":48}}],"line":28},"5":{"loc":{"start":{"line":29,"column":24},"end":{"line":29,"column":49}},"type":"binary-expr","locations":[{"start":{"line":29,"column":24},"end":{"line":29,"column":41}},{"start":{"line":29,"column":45},"end":{"line":29,"column":49}}],"line":29},"6":{"loc":{"start":{"line":40,"column":4},"end":{"line":43,"column":5}},"type":"if","locations":[{"start":{"line":40,"column":4},"end":{"line":43,"column":5}},{"start":{},"end":{}}],"line":40},"7":{"loc":{"start":{"line":46,"column":4},"end":{"line":55,"column":5}},"type":"if","locations":[{"start":{"line":46,"column":4},"end":{"line":55,"column":5}},{"start":{},"end":{}}],"line":46},"8":{"loc":{"start":{"line":51,"column":6},"end":{"line":54,"column":7}},"type":"if","locations":[{"start":{"line":51,"column":6},"end":{"line":54,"column":7}},{"start":{},"end":{}}],"line":51},"9":{"loc":{"start":{"line":72,"column":4},"end":{"line":74,"column":5}},"type":"if","locations":[{"start":{"line":72,"column":4},"end":{"line":74,"column":5}},{"start":{},"end":{}}],"line":72},"10":{"loc":{"start":{"line":82,"column":4},"end":{"line":85,"column":5}},"type":"if","locations":[{"start":{"line":82,"column":4},"end":{"line":85,"column":5}},{"start":{},"end":{}}],"line":82},"11":{"loc":{"start":{"line":91,"column":6},"end":{"line":93,"column":7}},"type":"if","locations":[{"start":{"line":91,"column":6},"end":{"line":93,"column":7}},{"start":{},"end":{}}],"line":91},"12":{"loc":{"start":{"line":97,"column":14},"end":{"line":97,"column":28}},"type":"binary-expr","locations":[{"start":{"line":97,"column":14},"end":{"line":97,"column":22}},{"start":{"line":97,"column":26},"end":{"line":97,"column":28}}],"line":97},"13":{"loc":{"start":{"line":98,"column":21},"end":{"line":98,"column":42}},"type":"binary-expr","locations":[{"start":{"line":98,"column":21},"end":{"line":98,"column":36}},{"start":{"line":98,"column":40},"end":{"line":98,"column":42}}],"line":98},"14":{"loc":{"start":{"line":99,"column":21},"end":{"line":99,"column":43}},"type":"binary-expr","locations":[{"start":{"line":99,"column":21},"end":{"line":99,"column":37}},{"start":{"line":99,"column":41},"end":{"line":99,"column":43}}],"line":99}},"s":{"0":1,"1":1,"2":0,"3":0,"4":0,"5":0,"6":0,"7":0,"8":0,"9":0,"10":0,"11":0,"12":0,"13":0,"14":0,"15":0,"16":0,"17":0,"18":0,"19":0,"20":0,"21":0,"22":0,"23":0,"24":1,"25":0,"26":0,"27":0,"28":0,"29":0,"30":0,"31":0,"32":0,"33":0,"34":0,"35":0,"36":0,"37":0,"38":0,"39":0,"40":0},"f":{"0":0,"1":0},"b":{"0":[0,0],"1":[0,0],"2":[0,0],"3":[0,0],"4":[0,0],"5":[0,0],"6":[0,0],"7":[0,0],"8":[0,0],"9":[0,0],"10":[0,0],"11":[0,0],"12":[0,0],"13":[0,0],"14":[0,0]},"_coverageSchema":"1a1c01bbd47fc00a2c39e90264f33305004495a9","hash":"2362d41536149ae7fcd1cf30e424455668cf1912"}
,"D:\\fyp\\server\\routes\\checkauth.js": {"path":"D:\\fyp\\server\\routes\\checkauth.js","statementMap":{"0":{"start":{"line":4,"column":24},"end":{"line":4,"column":40}},"1":{"start":{"line":6,"column":0},"end":{"line":11,"column":3}},"2":{"start":{"line":7,"column":2},"end":{"line":10,"column":5}}},"fnMap":{"0":{"name":"(anonymous_0)","decl":{"start":{"line":6,"column":41},"end":{"line":6,"column":42}},"loc":{"start":{"line":6,"column":55},"end":{"line":11,"column":1}},"line":6}},"branchMap":{},"s":{"0":1,"1":1,"2":0},"f":{"0":0},"b":{},"_coverageSchema":"1a1c01bbd47fc00a2c39e90264f33305004495a9","hash":"928fed11cd3a2d726a2ebee97c309438f32b9ed2"}
,"D:\\fyp\\server\\routes\\kanban.js": {"path":"D:\\fyp\\server\\routes\\kanban.js","statementMap":{"0":{"start":{"line":6,"column":21},"end":{"line":6,"column":37}},"1":{"start":{"line":8,"column":18},"end":{"line":13,"column":1}},"2":{"start":{"line":9,"column":13},"end":{"line":9,"column":36}},"3":{"start":{"line":10,"column":2},"end":{"line":12,"column":3}},"4":{"start":{"line":11,"column":4},"end":{"line":11,"column":39}},"5":{"start":{"line":15,"column":0},"end":{"line":61,"column":3}},"6":{"start":{"line":16,"column":2},"end":{"line":60,"column":3}},"7":{"start":{"line":17,"column":19},"end":{"line":17,"column":29}},"8":{"start":{"line":19,"column":51},"end":{"line":23,"column":45}},"9":{"start":{"line":25,"column":4},"end":{"line":25,"column":41}},"10":{"start":{"line":25,"column":22},"end":{"line":25,"column":41}},"11":{"start":{"line":27,"column":47},"end":{"line":39,"column":45}},"12":{"start":{"line":38,"column":43},"end":{"line":38,"column":47}},"13":{"start":{"line":41,"column":4},"end":{"line":41,"column":37}},"14":{"start":{"line":41,"column":20},"end":{"line":41,"column":37}},"15":{"start":{"line":43,"column":29},"end":{"line":55,"column":10}},"16":{"start":{"line":44,"column":26},"end":{"line":44,"column":76}},"17":{"start":{"line":44,"column":47},"end":{"line":44,"column":69}},"18":{"start":{"line":45,"column":6},"end":{"line":53,"column":8}},"19":{"start":{"line":47,"column":42},"end":{"line":52,"column":9}},"20":{"start":{"line":51,"column":58},"end":{"line":51,"column":67}},"21":{"start":{"line":54,"column":6},"end":{"line":54,"column":17}},"22":{"start":{"line":57,"column":4},"end":{"line":57,"column":37}},"23":{"start":{"line":59,"column":4},"end":{"line":59,"column":67}},"24":{"start":{"line":63,"column":0},"end":{"line":99,"column":3}},"25":{"start":{"line":64,"column":2},"end":{"line":98,"column":3}},"26":{"start":{"line":65,"column":37},"end":{"line":69,"column":15}},"27":{"start":{"line":71,"column":4},"end":{"line":71,"column":27}},"28":{"start":{"line":71,"column":15},"end":{"line":71,"column":27}},"29":{"start":{"line":73,"column":24},"end":{"line":75,"column":5}},"30":{"start":{"line":74,"column":51},"end":{"line":74,"column":61}},"31":{"start":{"line":77,"column":17},"end":{"line":77,"column":46}},"32":{"start":{"line":77,"column":40},"end":{"line":77,"column":45}},"33":{"start":{"line":79,"column":53},"end":{"line":82,"column":22}},"34":{"start":{"line":84,"column":4},"end":{"line":84,"column":33}},"35":{"start":{"line":84,"column":18},"end":{"line":84,"column":33}},"36":{"start":{"line":86,"column":20},"end":{"line":86,"column":70}},"37":{"start":{"line":86,"column":53},"end":{"line":86,"column":68}},"38":{"start":{"line":88,"column":4},"end":{"line":95,"column":6}},"39":{"start":{"line":89,"column":36},"end":{"line":94,"column":7}},"40":{"start":{"line":97,"column":4},"end":{"line":97,"column":63}},"41":{"start":{"line":101,"column":0},"end":{"line":138,"column":2}},"42":{"start":{"line":106,"column":4},"end":{"line":136,"column":5}},"43":{"start":{"line":107,"column":21},"end":{"line":107,"column":31}},"44":{"start":{"line":108,"column":23},"end":{"line":108,"column":31}},"45":{"start":{"line":110,"column":33},"end":{"line":115,"column":17}},"46":{"start":{"line":117,"column":26},"end":{"line":117,"column":58}},"47":{"start":{"line":119,"column":30},"end":{"line":123,"column":17}},"48":{"start":{"line":125,"column":6},"end":{"line":125,"column":29}},"49":{"start":{"line":125,"column":17},"end":{"line":125,"column":29}},"50":{"start":{"line":127,"column":6},"end":{"line":131,"column":9}},"51":{"start":{"line":133,"column":6},"end":{"line":133,"column":21}},"52":{"start":{"line":135,"column":6},"end":{"line":135,"column":65}},"53":{"start":{"line":140,"column":0},"end":{"line":159,"column":2}},"54":{"start":{"line":145,"column":4},"end":{"line":157,"column":5}},"55":{"start":{"line":146,"column":31},"end":{"line":146,"column":41}},"56":{"start":{"line":147,"column":24},"end":{"line":150,"column":27}},"57":{"start":{"line":151,"column":6},"end":{"line":151,"column":29}},"58":{"start":{"line":151,"column":17},"end":{"line":151,"column":29}},"59":{"start":{"line":153,"column":6},"end":{"line":153,"column":64}},"60":{"start":{"line":154,"column":6},"end":{"line":154,"column":34}},"61":{"start":{"line":156,"column":6},"end":{"line":156,"column":65}},"62":{"start":{"line":161,"column":0},"end":{"line":212,"column":2}},"63":{"start":{"line":166,"column":4},"end":{"line":210,"column":5}},"64":{"start":{"line":167,"column":21},"end":{"line":167,"column":31}},"65":{"start":{"line":168,"column":57},"end":{"line":168,"column":65}},"66":{"start":{"line":170,"column":33},"end":{"line":175,"column":17}},"67":{"start":{"line":177,"column":26},"end":{"line":177,"column":58}},"68":{"start":{"line":179,"column":47},"end":{"line":189,"column":17}},"69":{"start":{"line":191,"column":6},"end":{"line":191,"column":37}},"70":{"start":{"line":191,"column":21},"end":{"line":191,"column":37}},"71":{"start":{"line":194,"column":6},"end":{"line":200,"column":7}},"72":{"start":{"line":195,"column":24},"end":{"line":198,"column":11}},"73":{"start":{"line":195,"column":47},"end":{"line":198,"column":9}},"74":{"start":{"line":199,"column":8},"end":{"line":199,"column":68}},"75":{"start":{"line":202,"column":6},"end":{"line":205,"column":9}},"76":{"start":{"line":207,"column":6},"end":{"line":207,"column":54}},"77":{"start":{"line":209,"column":6},"end":{"line":209,"column":63}},"78":{"start":{"line":214,"column":0},"end":{"line":254,"column":2}},"79":{"start":{"line":219,"column":4},"end":{"line":252,"column":5}},"80":{"start":{"line":220,"column":29},"end":{"line":220,"column":39}},"81":{"start":{"line":221,"column":47},"end":{"line":221,"column":55}},"82":{"start":{"line":223,"column":47},"end":{"line":228,"column":17}},"83":{"start":{"line":230,"column":6},"end":{"line":230,"column":37}},"84":{"start":{"line":230,"column":21},"end":{"line":230,"column":37}},"85":{"start":{"line":232,"column":6},"end":{"line":235,"column":31}},"86":{"start":{"line":236,"column":6},"end":{"line":242,"column":7}},"87":{"start":{"line":237,"column":24},"end":{"line":240,"column":11}},"88":{"start":{"line":237,"column":47},"end":{"line":240,"column":9}},"89":{"start":{"line":241,"column":8},"end":{"line":241,"column":68}},"90":{"start":{"line":244,"column":6},"end":{"line":247,"column":9}},"91":{"start":{"line":249,"column":6},"end":{"line":249,"column":54}},"92":{"start":{"line":251,"column":6},"end":{"line":251,"column":63}},"93":{"start":{"line":256,"column":0},"end":{"line":275,"column":2}},"94":{"start":{"line":261,"column":4},"end":{"line":273,"column":5}},"95":{"start":{"line":262,"column":29},"end":{"line":262,"column":39}},"96":{"start":{"line":263,"column":24},"end":{"line":266,"column":25}},"97":{"start":{"line":267,"column":6},"end":{"line":267,"column":29}},"98":{"start":{"line":267,"column":17},"end":{"line":267,"column":29}},"99":{"start":{"line":269,"column":6},"end":{"line":269,"column":60}},"100":{"start":{"line":270,"column":6},"end":{"line":270,"column":34}},"101":{"start":{"line":272,"column":6},"end":{"line":272,"column":63}},"102":{"start":{"line":277,"column":0},"end":{"line":325,"column":2}},"103":{"start":{"line":282,"column":4},"end":{"line":323,"column":5}},"104":{"start":{"line":283,"column":29},"end":{"line":283,"column":39}},"105":{"start":{"line":284,"column":33},"end":{"line":284,"column":41}},"106":{"start":{"line":286,"column":33},"end":{"line":291,"column":17}},"107":{"start":{"line":293,"column":26},"end":{"line":293,"column":58}},"108":{"start":{"line":295,"column":36},"end":{"line":304,"column":17}},"109":{"start":{"line":306,"column":6},"end":{"line":306,"column":29}},"110":{"start":{"line":306,"column":17},"end":{"line":306,"column":29}},"111":{"start":{"line":308,"column":40},"end":{"line":311,"column":30}},"112":{"start":{"line":313,"column":26},"end":{"line":313,"column":70}},"113":{"start":{"line":313,"column":54},"end":{"line":313,"column":63}},"114":{"start":{"line":315,"column":6},"end":{"line":318,"column":9}},"115":{"start":{"line":320,"column":6},"end":{"line":320,"column":21}},"116":{"start":{"line":322,"column":6},"end":{"line":322,"column":61}}},"fnMap":{"0":{"name":"(anonymous_0)","decl":{"start":{"line":8,"column":18},"end":{"line":8,"column":19}},"loc":{"start":{"line":8,"column":51},"end":{"line":13,"column":1}},"line":8},"1":{"name":"(anonymous_1)","decl":{"start":{"line":15,"column":25},"end":{"line":15,"column":26}},"loc":{"start":{"line":15,"column":45},"end":{"line":61,"column":1}},"line":15},"2":{"name":"(anonymous_2)","decl":{"start":{"line":38,"column":36},"end":{"line":38,"column":37}},"loc":{"start":{"line":38,"column":43},"end":{"line":38,"column":47}},"line":38},"3":{"name":"(anonymous_3)","decl":{"start":{"line":43,"column":45},"end":{"line":43,"column":46}},"loc":{"start":{"line":43,"column":59},"end":{"line":55,"column":5}},"line":43},"4":{"name":"(anonymous_4)","decl":{"start":{"line":44,"column":40},"end":{"line":44,"column":41}},"loc":{"start":{"line":44,"column":47},"end":{"line":44,"column":69}},"line":44},"5":{"name":"(anonymous_5)","decl":{"start":{"line":47,"column":31},"end":{"line":47,"column":32}},"loc":{"start":{"line":47,"column":42},"end":{"line":52,"column":9}},"line":47},"6":{"name":"(anonymous_6)","decl":{"start":{"line":51,"column":51},"end":{"line":51,"column":52}},"loc":{"start":{"line":51,"column":58},"end":{"line":51,"column":67}},"line":51},"7":{"name":"(anonymous_7)","decl":{"start":{"line":63,"column":33},"end":{"line":63,"column":34}},"loc":{"start":{"line":63,"column":53},"end":{"line":99,"column":1}},"line":63},"8":{"name":"(anonymous_8)","decl":{"start":{"line":74,"column":44},"end":{"line":74,"column":45}},"loc":{"start":{"line":74,"column":51},"end":{"line":74,"column":61}},"line":74},"9":{"name":"(anonymous_9)","decl":{"start":{"line":77,"column":33},"end":{"line":77,"column":34}},"loc":{"start":{"line":77,"column":40},"end":{"line":77,"column":45}},"line":77},"10":{"name":"(anonymous_10)","decl":{"start":{"line":86,"column":46},"end":{"line":86,"column":47}},"loc":{"start":{"line":86,"column":53},"end":{"line":86,"column":68}},"line":86},"11":{"name":"(anonymous_11)","decl":{"start":{"line":89,"column":22},"end":{"line":89,"column":23}},"loc":{"start":{"line":89,"column":36},"end":{"line":94,"column":7}},"line":89},"12":{"name":"(anonymous_12)","decl":{"start":{"line":105,"column":2},"end":{"line":105,"column":3}},"loc":{"start":{"line":105,"column":22},"end":{"line":137,"column":3}},"line":105},"13":{"name":"(anonymous_13)","decl":{"start":{"line":144,"column":2},"end":{"line":144,"column":3}},"loc":{"start":{"line":144,"column":22},"end":{"line":158,"column":3}},"line":144},"14":{"name":"(anonymous_14)","decl":{"start":{"line":165,"column":2},"end":{"line":165,"column":3}},"loc":{"start":{"line":165,"column":22},"end":{"line":211,"column":3}},"line":165},"15":{"name":"(anonymous_15)","decl":{"start":{"line":195,"column":37},"end":{"line":195,"column":38}},"loc":{"start":{"line":195,"column":47},"end":{"line":198,"column":9}},"line":195},"16":{"name":"(anonymous_16)","decl":{"start":{"line":218,"column":2},"end":{"line":218,"column":3}},"loc":{"start":{"line":218,"column":22},"end":{"line":253,"column":3}},"line":218},"17":{"name":"(anonymous_17)","decl":{"start":{"line":237,"column":37},"end":{"line":237,"column":38}},"loc":{"start":{"line":237,"column":47},"end":{"line":240,"column":9}},"line":237},"18":{"name":"(anonymous_18)","decl":{"start":{"line":260,"column":2},"end":{"line":260,"column":3}},"loc":{"start":{"line":260,"column":22},"end":{"line":274,"column":3}},"line":260},"19":{"name":"(anonymous_19)","decl":{"start":{"line":281,"column":2},"end":{"line":281,"column":3}},"loc":{"start":{"line":281,"column":22},"end":{"line":324,"column":3}},"line":281},"20":{"name":"(anonymous_20)","decl":{"start":{"line":313,"column":47},"end":{"line":313,"column":48}},"loc":{"start":{"line":313,"column":54},"end":{"line":313,"column":63}},"line":313}},"branchMap":{"0":{"loc":{"start":{"line":10,"column":2},"end":{"line":12,"column":3}},"type":"if","locations":[{"start":{"line":10,"column":2},"end":{"line":12,"column":3}},{"start":{},"end":{}}],"line":10},"1":{"loc":{"start":{"line":10,"column":6},"end":{"line":10,"column":21}},"type":"binary-expr","locations":[{"start":{"line":10,"column":6},"end":{"line":10,"column":8}},{"start":{"line":10,"column":12},"end":{"line":10,"column":21}}],"line":10},"2":{"loc":{"start":{"line":25,"column":4},"end":{"line":25,"column":41}},"type":"if","locations":[{"start":{"line":25,"column":4},"end":{"line":25,"column":41}},{"start":{},"end":{}}],"line":25},"3":{"loc":{"start":{"line":38,"column":23},"end":{"line":38,"column":54}},"type":"binary-expr","locations":[{"start":{"line":38,"column":23},"end":{"line":38,"column":48}},{"start":{"line":38,"column":52},"end":{"line":38,"column":54}}],"line":38},"4":{"loc":{"start":{"line":41,"column":4},"end":{"line":41,"column":37}},"type":"if","locations":[{"start":{"line":41,"column":4},"end":{"line":41,"column":37}},{"start":{},"end":{}}],"line":41},"5":{"loc":{"start":{"line":44,"column":26},"end":{"line":44,"column":76}},"type":"binary-expr","locations":[{"start":{"line":44,"column":26},"end":{"line":44,"column":70}},{"start":{"line":44,"column":74},"end":{"line":44,"column":76}}],"line":44},"6":{"loc":{"start":{"line":51,"column":20},"end":{"line":51,"column":74}},"type":"binary-expr","locations":[{"start":{"line":51,"column":20},"end":{"line":51,"column":68}},{"start":{"line":51,"column":72},"end":{"line":51,"column":74}}],"line":51},"7":{"loc":{"start":{"line":57,"column":13},"end":{"line":57,"column":35}},"type":"binary-expr","locations":[{"start":{"line":57,"column":13},"end":{"line":57,"column":29}},{"start":{"line":57,"column":33},"end":{"line":57,"column":35}}],"line":57},"8":{"loc":{"start":{"line":71,"column":4},"end":{"line":71,"column":27}},"type":"if","locations":[{"start":{"line":71,"column":4},"end":{"line":71,"column":27}},{"start":{},"end":{}}],"line":71},"9":{"loc":{"start":{"line":74,"column":18},"end":{"line":74,"column":38}},"type":"binary-expr","locations":[{"start":{"line":74,"column":18},"end":{"line":74,"column":32}},{"start":{"line":74,"column":36},"end":{"line":74,"column":38}}],"line":74},"10":{"loc":{"start":{"line":84,"column":4},"end":{"line":84,"column":33}},"type":"if","locations":[{"start":{"line":84,"column":4},"end":{"line":84,"column":33}},{"start":{},"end":{}}],"line":84},"11":{"loc":{"start":{"line":92,"column":14},"end":{"line":92,"column":43}},"type":"binary-expr","locations":[{"start":{"line":92,"column":14},"end":{"line":92,"column":30}},{"start":{"line":92,"column":34},"end":{"line":92,"column":43}}],"line":92},"12":{"loc":{"start":{"line":93,"column":18},"end":{"line":93,"column":52}},"type":"binary-expr","locations":[{"start":{"line":93,"column":18},"end":{"line":93,"column":45}},{"start":{"line":93,"column":49},"end":{"line":93,"column":52}}],"line":93},"13":{"loc":{"start":{"line":117,"column":26},"end":{"line":117,"column":58}},"type":"binary-expr","locations":[{"start":{"line":117,"column":26},"end":{"line":117,"column":53}},{"start":{"line":117,"column":57},"end":{"line":117,"column":58}}],"line":117},"14":{"loc":{"start":{"line":125,"column":6},"end":{"line":125,"column":29}},"type":"if","locations":[{"start":{"line":125,"column":6},"end":{"line":125,"column":29}},{"start":{},"end":{}}],"line":125},"15":{"loc":{"start":{"line":151,"column":6},"end":{"line":151,"column":29}},"type":"if","locations":[{"start":{"line":151,"column":6},"end":{"line":151,"column":29}},{"start":{},"end":{}}],"line":151},"16":{"loc":{"start":{"line":177,"column":26},"end":{"line":177,"column":58}},"type":"binary-expr","locations":[{"start":{"line":177,"column":26},"end":{"line":177,"column":53}},{"start":{"line":177,"column":57},"end":{"line":177,"column":58}}],"line":177},"17":{"loc":{"start":{"line":191,"column":6},"end":{"line":191,"column":37}},"type":"if","locations":[{"start":{"line":191,"column":6},"end":{"line":191,"column":37}},{"start":{},"end":{}}],"line":191},"18":{"loc":{"start":{"line":194,"column":6},"end":{"line":200,"column":7}},"type":"if","locations":[{"start":{"line":194,"column":6},"end":{"line":200,"column":7}},{"start":{},"end":{}}],"line":194},"19":{"loc":{"start":{"line":204,"column":18},"end":{"line":204,"column":32}},"type":"binary-expr","locations":[{"start":{"line":204,"column":18},"end":{"line":204,"column":26}},{"start":{"line":204,"column":30},"end":{"line":204,"column":32}}],"line":204},"20":{"loc":{"start":{"line":207,"column":36},"end":{"line":207,"column":50}},"type":"binary-expr","locations":[{"start":{"line":207,"column":36},"end":{"line":207,"column":44}},{"start":{"line":207,"column":48},"end":{"line":207,"column":50}}],"line":207},"21":{"loc":{"start":{"line":230,"column":6},"end":{"line":230,"column":37}},"type":"if","locations":[{"start":{"line":230,"column":6},"end":{"line":230,"column":37}},{"start":{},"end":{}}],"line":230},"22":{"loc":{"start":{"line":236,"column":6},"end":{"line":242,"column":7}},"type":"if","locations":[{"start":{"line":236,"column":6},"end":{"line":242,"column":7}},{"start":{},"end":{}}],"line":236},"23":{"loc":{"start":{"line":246,"column":18},"end":{"line":246,"column":32}},"type":"binary-expr","locations":[{"start":{"line":246,"column":18},"end":{"line":246,"column":26}},{"start":{"line":246,"column":30},"end":{"line":246,"column":32}}],"line":246},"24":{"loc":{"start":{"line":249,"column":36},"end":{"line":249,"column":50}},"type":"binary-expr","locations":[{"start":{"line":249,"column":36},"end":{"line":249,"column":44}},{"start":{"line":249,"column":48},"end":{"line":249,"column":50}}],"line":249},"25":{"loc":{"start":{"line":267,"column":6},"end":{"line":267,"column":29}},"type":"if","locations":[{"start":{"line":267,"column":6},"end":{"line":267,"column":29}},{"start":{},"end":{}}],"line":267},"26":{"loc":{"start":{"line":293,"column":26},"end":{"line":293,"column":58}},"type":"binary-expr","locations":[{"start":{"line":293,"column":26},"end":{"line":293,"column":53}},{"start":{"line":293,"column":57},"end":{"line":293,"column":58}}],"line":293},"27":{"loc":{"start":{"line":306,"column":6},"end":{"line":306,"column":29}},"type":"if","locations":[{"start":{"line":306,"column":6},"end":{"line":306,"column":29}},{"start":{},"end":{}}],"line":306},"28":{"loc":{"start":{"line":313,"column":26},"end":{"line":313,"column":70}},"type":"binary-expr","locations":[{"start":{"line":313,"column":26},"end":{"line":313,"column":64}},{"start":{"line":313,"column":68},"end":{"line":313,"column":70}}],"line":313}},"s":{"0":1,"1":1,"2":0,"3":0,"4":0,"5":1,"6":0,"7":0,"8":0,"9":0,"10":0,"11":0,"12":0,"13":0,"14":0,"15":0,"16":0,"17":0,"18":0,"19":0,"20":0,"21":0,"22":0,"23":0,"24":1,"25":0,"26":0,"27":0,"28":0,"29":0,"30":0,"31":0,"32":0,"33":0,"34":0,"35":0,"36":0,"37":0,"38":0,"39":0,"40":0,"41":1,"42":0,"43":0,"44":0,"45":0,"46":0,"47":0,"48":0,"49":0,"50":0,"51":0,"52":0,"53":1,"54":0,"55":0,"56":0,"57":0,"58":0,"59":0,"60":0,"61":0,"62":1,"63":0,"64":0,"65":0,"66":0,"67":0,"68":0,"69":0,"70":0,"71":0,"72":0,"73":0,"74":0,"75":0,"76":0,"77":0,"78":1,"79":0,"80":0,"81":0,"82":0,"83":0,"84":0,"85":0,"86":0,"87":0,"88":0,"89":0,"90":0,"91":0,"92":0,"93":1,"94":0,"95":0,"96":0,"97":0,"98":0,"99":0,"100":0,"101":0,"102":1,"103":0,"104":0,"105":0,"106":0,"107":0,"108":0,"109":0,"110":0,"111":0,"112":0,"113":0,"114":0,"115":0,"116":0},"f":{"0":0,"1":0,"2":0,"3":0,"4":0,"5":0,"6":0,"7":0,"8":0,"9":0,"10":0,"11":0,"12":0,"13":0,"14":0,"15":0,"16":0,"17":0,"18":0,"19":0,"20":0},"b":{"0":[0,0],"1":[0,0],"2":[0,0],"3":[0,0],"4":[0,0],"5":[0,0],"6":[0,0],"7":[0,0],"8":[0,0],"9":[0,0],"10":[0,0],"11":[0,0],"12":[0,0],"13":[0,0],"14":[0,0],"15":[0,0],"16":[0,0],"17":[0,0],"18":[0,0],"19":[0,0],"20":[0,0],"21":[0,0],"22":[0,0],"23":[0,0],"24":[0,0],"25":[0,0],"26":[0,0],"27":[0,0],"28":[0,0]},"_coverageSchema":"1a1c01bbd47fc00a2c39e90264f33305004495a9","hash":"29ee0b20a7c5cb8bf1f4f59771bdb7ac5f56fa08"}
,"D:\\fyp\\server\\routes\\login.js": {"path":"D:\\fyp\\server\\routes\\login.js","statementMap":{"0":{"start":{"line":6,"column":20},"end":{"line":6,"column":36}},"1":{"start":{"line":8,"column":0},"end":{"line":43,"column":3}},"2":{"start":{"line":9,"column":30},"end":{"line":9,"column":38}},"3":{"start":{"line":10,"column":26},"end":{"line":14,"column":18}},"4":{"start":{"line":16,"column":2},"end":{"line":18,"column":3}},"5":{"start":{"line":17,"column":4},"end":{"line":17,"column":70}},"6":{"start":{"line":19,"column":2},"end":{"line":21,"column":3}},"7":{"start":{"line":20,"column":4},"end":{"line":20,"column":74}},"8":{"start":{"line":23,"column":25},"end":{"line":23,"column":38}},"9":{"start":{"line":25,"column":24},"end":{"line":25,"column":70}},"10":{"start":{"line":27,"column":16},"end":{"line":36,"column":3}},"11":{"start":{"line":38,"column":2},"end":{"line":40,"column":69}},"12":{"start":{"line":42,"column":2},"end":{"line":42,"column":9}}},"fnMap":{"0":{"name":"(anonymous_0)","decl":{"start":{"line":8,"column":22},"end":{"line":8,"column":23}},"loc":{"start":{"line":8,"column":42},"end":{"line":43,"column":1}},"line":8}},"branchMap":{"0":{"loc":{"start":{"line":16,"column":2},"end":{"line":18,"column":3}},"type":"if","locations":[{"start":{"line":16,"column":2},"end":{"line":18,"column":3}},{"start":{},"end":{}}],"line":16},"1":{"loc":{"start":{"line":19,"column":2},"end":{"line":21,"column":3}},"type":"if","locations":[{"start":{"line":19,"column":2},"end":{"line":21,"column":3}},{"start":{},"end":{}}],"line":19},"2":{"loc":{"start":{"line":38,"column":2},"end":{"line":40,"column":68}},"type":"cond-expr","locations":[{"start":{"line":39,"column":6},"end":{"line":39,"column":67}},{"start":{"line":40,"column":6},"end":{"line":40,"column":68}}],"line":38}},"s":{"0":1,"1":1,"2":0,"3":0,"4":0,"5":0,"6":0,"7":0,"8":0,"9":0,"10":0,"11":0,"12":0},"f":{"0":0},"b":{"0":[0,0],"1":[0,0],"2":[0,0]},"_coverageSchema":"1a1c01bbd47fc00a2c39e90264f33305004495a9","hash":"5d4abb9b5a3abf67a2c09f490821c47a0ad86c77"}
,"D:\\fyp\\server\\routes\\message.js": {"path":"D:\\fyp\\server\\routes\\message.js","statementMap":{"0":{"start":{"line":5,"column":22},"end":{"line":5,"column":38}},"1":{"start":{"line":7,"column":0},"end":{"line":31,"column":3}},"2":{"start":{"line":8,"column":24},"end":{"line":8,"column":36}},"3":{"start":{"line":9,"column":22},"end":{"line":9,"column":39}},"4":{"start":{"line":11,"column":26},"end":{"line":18,"column":45}},"5":{"start":{"line":20,"column":2},"end":{"line":20,"column":67}},"6":{"start":{"line":20,"column":13},"end":{"line":20,"column":67}},"7":{"start":{"line":22,"column":19},"end":{"line":28,"column":5}},"8":{"start":{"line":22,"column":36},"end":{"line":28,"column":3}},"9":{"start":{"line":30,"column":2},"end":{"line":30,"column":25}}},"fnMap":{"0":{"name":"(anonymous_0)","decl":{"start":{"line":7,"column":46},"end":{"line":7,"column":47}},"loc":{"start":{"line":7,"column":66},"end":{"line":31,"column":1}},"line":7},"1":{"name":"(anonymous_1)","decl":{"start":{"line":22,"column":28},"end":{"line":22,"column":29}},"loc":{"start":{"line":22,"column":36},"end":{"line":28,"column":3}},"line":22}},"branchMap":{"0":{"loc":{"start":{"line":20,"column":2},"end":{"line":20,"column":67}},"type":"if","locations":[{"start":{"line":20,"column":2},"end":{"line":20,"column":67}},{"start":{},"end":{}}],"line":20}},"s":{"0":1,"1":1,"2":0,"3":0,"4":0,"5":0,"6":0,"7":0,"8":0,"9":0},"f":{"0":0,"1":0},"b":{"0":[0,0]},"_coverageSchema":"1a1c01bbd47fc00a2c39e90264f33305004495a9","hash":"11cee230d82a73238b4dbdafea9abec56f500902"}
,"D:\\fyp\\server\\routes\\projects.js": {"path":"D:\\fyp\\server\\routes\\projects.js","statementMap":{"0":{"start":{"line":6,"column":23},"end":{"line":6,"column":39}},"1":{"start":{"line":8,"column":0},"end":{"line":57,"column":3}},"2":{"start":{"line":9,"column":26},"end":{"line":9,"column":34}},"3":{"start":{"line":11,"column":23},"end":{"line":23,"column":3}},"4":{"start":{"line":25,"column":26},"end":{"line":52,"column":4}},"5":{"start":{"line":54,"column":2},"end":{"line":55,"column":78}},"6":{"start":{"line":55,"column":4},"end":{"line":55,"column":78}},"7":{"start":{"line":56,"column":2},"end":{"line":56,"column":74}},"8":{"start":{"line":59,"column":0},"end":{"line":87,"column":3}},"9":{"start":{"line":60,"column":24},"end":{"line":60,"column":34}},"10":{"start":{"line":62,"column":2},"end":{"line":76,"column":3}},"11":{"start":{"line":63,"column":55},"end":{"line":67,"column":15}},"12":{"start":{"line":69,"column":4},"end":{"line":70,"column":66}},"13":{"start":{"line":70,"column":6},"end":{"line":70,"column":66}},"14":{"start":{"line":72,"column":19},"end":{"line":72,"column":72}},"15":{"start":{"line":72,"column":53},"end":{"line":72,"column":71}},"16":{"start":{"line":73,"column":4},"end":{"line":73,"column":73}},"17":{"start":{"line":73,"column":17},"end":{"line":73,"column":73}},"18":{"start":{"line":75,"column":4},"end":{"line":75,"column":60}},"19":{"start":{"line":78,"column":30},"end":{"line":81,"column":56}},"20":{"start":{"line":83,"column":17},"end":{"line":85,"column":3}},"21":{"start":{"line":84,"column":17},"end":{"line":84,"column":56}},"22":{"start":{"line":84,"column":36},"end":{"line":84,"column":49}},"23":{"start":{"line":86,"column":2},"end":{"line":86,"column":51}},"24":{"start":{"line":89,"column":0},"end":{"line":115,"column":2}},"25":{"start":{"line":94,"column":19},"end":{"line":94,"column":29}},"26":{"start":{"line":96,"column":6},"end":{"line":96,"column":14}},"27":{"start":{"line":98,"column":28},"end":{"line":110,"column":15}},"28":{"start":{"line":112,"column":4},"end":{"line":112,"column":69}},"29":{"start":{"line":112,"column":15},"end":{"line":112,"column":69}},"30":{"start":{"line":113,"column":4},"end":{"line":113,"column":68}},"31":{"start":{"line":117,"column":0},"end":{"line":129,"column":2}},"32":{"start":{"line":122,"column":22},"end":{"line":125,"column":31}},"33":{"start":{"line":126,"column":4},"end":{"line":126,"column":69}},"34":{"start":{"line":126,"column":15},"end":{"line":126,"column":69}},"35":{"start":{"line":127,"column":4},"end":{"line":127,"column":57}}},"fnMap":{"0":{"name":"(anonymous_0)","decl":{"start":{"line":8,"column":25},"end":{"line":8,"column":26}},"loc":{"start":{"line":8,"column":45},"end":{"line":57,"column":1}},"line":8},"1":{"name":"(anonymous_1)","decl":{"start":{"line":59,"column":35},"end":{"line":59,"column":36}},"loc":{"start":{"line":59,"column":55},"end":{"line":87,"column":1}},"line":59},"2":{"name":"(anonymous_2)","decl":{"start":{"line":72,"column":43},"end":{"line":72,"column":44}},"loc":{"start":{"line":72,"column":53},"end":{"line":72,"column":71}},"line":72},"3":{"name":"(anonymous_3)","decl":{"start":{"line":84,"column":4},"end":{"line":84,"column":5}},"loc":{"start":{"line":84,"column":17},"end":{"line":84,"column":56}},"line":84},"4":{"name":"(anonymous_4)","decl":{"start":{"line":84,"column":29},"end":{"line":84,"column":30}},"loc":{"start":{"line":84,"column":36},"end":{"line":84,"column":49}},"line":84},"5":{"name":"(anonymous_5)","decl":{"start":{"line":93,"column":2},"end":{"line":93,"column":3}},"loc":{"start":{"line":93,"column":22},"end":{"line":114,"column":3}},"line":93},"6":{"name":"(anonymous_6)","decl":{"start":{"line":121,"column":2},"end":{"line":121,"column":3}},"loc":{"start":{"line":121,"column":22},"end":{"line":128,"column":3}},"line":121}},"branchMap":{"0":{"loc":{"start":{"line":22,"column":8},"end":{"line":22,"column":37}},"type":"binary-expr","locations":[{"start":{"line":22,"column":8},"end":{"line":22,"column":31}},{"start":{"line":22,"column":35},"end":{"line":22,"column":37}}],"line":22},"1":{"loc":{"start":{"line":54,"column":2},"end":{"line":55,"column":78}},"type":"if","locations":[{"start":{"line":54,"column":2},"end":{"line":55,"column":78}},{"start":{},"end":{}}],"line":54},"2":{"loc":{"start":{"line":62,"column":2},"end":{"line":76,"column":3}},"type":"if","locations":[{"start":{"line":62,"column":2},"end":{"line":76,"column":3}},{"start":{},"end":{}}],"line":62},"3":{"loc":{"start":{"line":62,"column":6},"end":{"line":62,"column":51}},"type":"binary-expr","locations":[{"start":{"line":62,"column":6},"end":{"line":62,"column":8}},{"start":{"line":62,"column":12},"end":{"line":62,"column":30}},{"start":{"line":62,"column":34},"end":{"line":62,"column":51}}],"line":62},"4":{"loc":{"start":{"line":69,"column":4},"end":{"line":70,"column":66}},"type":"if","locations":[{"start":{"line":69,"column":4},"end":{"line":70,"column":66}},{"start":{},"end":{}}],"line":69},"5":{"loc":{"start":{"line":69,"column":8},"end":{"line":69,"column":36}},"type":"binary-expr","locations":[{"start":{"line":69,"column":8},"end":{"line":69,"column":20}},{"start":{"line":69,"column":24},"end":{"line":69,"column":36}}],"line":69},"6":{"loc":{"start":{"line":73,"column":4},"end":{"line":73,"column":73}},"type":"if","locations":[{"start":{"line":73,"column":4},"end":{"line":73,"column":73}},{"start":{},"end":{}}],"line":73},"7":{"loc":{"start":{"line":83,"column":22},"end":{"line":83,"column":37}},"type":"binary-expr","locations":[{"start":{"line":83,"column":22},"end":{"line":83,"column":31}},{"start":{"line":83,"column":35},"end":{"line":83,"column":37}}],"line":83},"8":{"loc":{"start":{"line":112,"column":4},"end":{"line":112,"column":69}},"type":"if","locations":[{"start":{"line":112,"column":4},"end":{"line":112,"column":69}},{"start":{},"end":{}}],"line":112},"9":{"loc":{"start":{"line":126,"column":4},"end":{"line":126,"column":69}},"type":"if","locations":[{"start":{"line":126,"column":4},"end":{"line":126,"column":69}},{"start":{},"end":{}}],"line":126}},"s":{"0":1,"1":1,"2":0,"3":0,"4":0,"5":0,"6":0,"7":0,"8":1,"9":0,"10":0,"11":0,"12":0,"13":0,"14":0,"15":0,"16":0,"17":0,"18":0,"19":0,"20":0,"21":0,"22":0,"23":0,"24":1,"25":0,"26":0,"27":0,"28":0,"29":0,"30":0,"31":1,"32":0,"33":0,"34":0,"35":0},"f":{"0":0,"1":0,"2":0,"3":0,"4":0,"5":0,"6":0},"b":{"0":[0,0],"1":[0,0],"2":[0,0],"3":[0,0,0],"4":[0,0],"5":[0,0],"6":[0,0],"7":[0,0],"8":[0,0],"9":[0,0]},"_coverageSchema":"1a1c01bbd47fc00a2c39e90264f33305004495a9","hash":"5526c32f958c18c1c556b85d3c9871335bc576f0"}
,"D:\\fyp\\server\\routes\\register.js": {"path":"D:\\fyp\\server\\routes\\register.js","statementMap":{"0":{"start":{"line":5,"column":23},"end":{"line":5,"column":39}},"1":{"start":{"line":7,"column":0},"end":{"line":42,"column":3}},"2":{"start":{"line":8,"column":36},"end":{"line":8,"column":44}},"3":{"start":{"line":10,"column":21},"end":{"line":10,"column":23}},"4":{"start":{"line":11,"column":25},"end":{"line":11,"column":64}},"5":{"start":{"line":13,"column":53},"end":{"line":17,"column":18}},"6":{"start":{"line":19,"column":2},"end":{"line":21,"column":3}},"7":{"start":{"line":20,"column":4},"end":{"line":20,"column":69}},"8":{"start":{"line":23,"column":2},"end":{"line":27,"column":3}},"9":{"start":{"line":24,"column":4},"end":{"line":26,"column":63}},"10":{"start":{"line":29,"column":26},"end":{"line":33,"column":13}},"11":{"start":{"line":35,"column":2},"end":{"line":37,"column":3}},"12":{"start":{"line":36,"column":4},"end":{"line":36,"column":78}},"13":{"start":{"line":39,"column":2},"end":{"line":41,"column":67}}},"fnMap":{"0":{"name":"(anonymous_0)","decl":{"start":{"line":7,"column":25},"end":{"line":7,"column":26}},"loc":{"start":{"line":7,"column":45},"end":{"line":42,"column":1}},"line":7}},"branchMap":{"0":{"loc":{"start":{"line":19,"column":2},"end":{"line":21,"column":3}},"type":"if","locations":[{"start":{"line":19,"column":2},"end":{"line":21,"column":3}},{"start":{},"end":{}}],"line":19},"1":{"loc":{"start":{"line":23,"column":2},"end":{"line":27,"column":3}},"type":"if","locations":[{"start":{"line":23,"column":2},"end":{"line":27,"column":3}},{"start":{},"end":{}}],"line":23},"2":{"loc":{"start":{"line":23,"column":6},"end":{"line":23,"column":52}},"type":"binary-expr","locations":[{"start":{"line":23,"column":6},"end":{"line":23,"column":17}},{"start":{"line":23,"column":21},"end":{"line":23,"column":52}}],"line":23},"3":{"loc":{"start":{"line":35,"column":2},"end":{"line":37,"column":3}},"type":"if","locations":[{"start":{"line":35,"column":2},"end":{"line":37,"column":3}},{"start":{},"end":{}}],"line":35}},"s":{"0":1,"1":1,"2":3,"3":3,"4":3,"5":3,"6":3,"7":1,"8":2,"9":1,"10":1,"11":1,"12":0,"13":1},"f":{"0":3},"b":{"0":[1,2],"1":[1,1],"2":[2,1],"3":[0,1]},"_coverageSchema":"1a1c01bbd47fc00a2c39e90264f33305004495a9","hash":"46a4673a86cb4846ceb5b1913f7629e1181fd30c"}
,"D:\\fyp\\server\\routes\\tokengen.js": {"path":"D:\\fyp\\server\\routes\\tokengen.js","statementMap":{"0":{"start":{"line":3,"column":37},"end":{"line":3,"column":40}},"1":{"start":{"line":5,"column":20},"end":{"line":5,"column":36}},"2":{"start":{"line":7,"column":16},"end":{"line":12,"column":1}},"3":{"start":{"line":8,"column":2},"end":{"line":8,"column":76}},"4":{"start":{"line":9,"column":2},"end":{"line":9,"column":29}},"5":{"start":{"line":10,"column":2},"end":{"line":10,"column":36}},"6":{"start":{"line":11,"column":2},"end":{"line":11,"column":9}},"7":{"start":{"line":14,"column":35},"end":{"line":43,"column":1}},"8":{"start":{"line":15,"column":16},"end":{"line":15,"column":40}},"9":{"start":{"line":16,"column":25},"end":{"line":16,"column":51}},"10":{"start":{"line":18,"column":2},"end":{"line":23,"column":3}},"11":{"start":{"line":19,"column":4},"end":{"line":19,"column":60}},"12":{"start":{"line":20,"column":4},"end":{"line":22,"column":7}},"13":{"start":{"line":26,"column":4},"end":{"line":26,"column":72}},"14":{"start":{"line":28,"column":14},"end":{"line":28,"column":47}},"15":{"start":{"line":29,"column":15},"end":{"line":29,"column":32}},"16":{"start":{"line":31,"column":34},"end":{"line":31,"column":70}},"17":{"start":{"line":33,"column":16},"end":{"line":40,"column":3}},"18":{"start":{"line":42,"column":2},"end":{"line":42,"column":47}},"19":{"start":{"line":45,"column":0},"end":{"line":45,"column":51}}},"fnMap":{"0":{"name":"(anonymous_0)","decl":{"start":{"line":7,"column":16},"end":{"line":7,"column":17}},"loc":{"start":{"line":7,"column":37},"end":{"line":12,"column":1}},"line":7},"1":{"name":"(anonymous_1)","decl":{"start":{"line":14,"column":35},"end":{"line":14,"column":36}},"loc":{"start":{"line":14,"column":49},"end":{"line":43,"column":1}},"line":14}},"branchMap":{"0":{"loc":{"start":{"line":18,"column":2},"end":{"line":23,"column":3}},"type":"if","locations":[{"start":{"line":18,"column":2},"end":{"line":23,"column":3}},{"start":{},"end":{}}],"line":18},"1":{"loc":{"start":{"line":18,"column":6},"end":{"line":18,"column":31}},"type":"binary-expr","locations":[{"start":{"line":18,"column":6},"end":{"line":18,"column":12}},{"start":{"line":18,"column":16},"end":{"line":18,"column":31}}],"line":18},"2":{"loc":{"start":{"line":26,"column":4},"end":{"line":26,"column":72}},"type":"binary-expr","locations":[{"start":{"line":26,"column":4},"end":{"line":26,"column":25}},{"start":{"line":26,"column":29},"end":{"line":26,"column":72}}],"line":26}},"s":{"0":1,"1":1,"2":1,"3":0,"4":0,"5":0,"6":0,"7":1,"8":0,"9":0,"10":0,"11":0,"12":0,"13":0,"14":0,"15":0,"16":0,"17":0,"18":0,"19":1},"f":{"0":0,"1":0},"b":{"0":[0,0],"1":[0,0],"2":[0,0]},"_coverageSchema":"1a1c01bbd47fc00a2c39e90264f33305004495a9","hash":"69f532c4bd6bb69484ff5a4201d96d116cd97f20"}
,"D:\\fyp\\server\\routes\\user.js": {"path":"D:\\fyp\\server\\routes\\user.js","statementMap":{"0":{"start":{"line":4,"column":19},"end":{"line":4,"column":35}},"1":{"start":{"line":6,"column":0},"end":{"line":18,"column":3}},"2":{"start":{"line":7,"column":20},"end":{"line":7,"column":28}},"3":{"start":{"line":9,"column":30},"end":{"line":12,"column":33}},"4":{"start":{"line":14,"column":2},"end":{"line":16,"column":3}},"5":{"start":{"line":15,"column":4},"end":{"line":15,"column":68}},"6":{"start":{"line":17,"column":2},"end":{"line":17,"column":49}},"7":{"start":{"line":20,"column":0},"end":{"line":29,"column":3}},"8":{"start":{"line":21,"column":30},"end":{"line":23,"column":32}},"9":{"start":{"line":25,"column":2},"end":{"line":27,"column":3}},"10":{"start":{"line":26,"column":4},"end":{"line":26,"column":68}},"11":{"start":{"line":28,"column":2},"end":{"line":28,"column":49}}},"fnMap":{"0":{"name":"(anonymous_0)","decl":{"start":{"line":6,"column":28},"end":{"line":6,"column":29}},"loc":{"start":{"line":6,"column":48},"end":{"line":18,"column":1}},"line":6},"1":{"name":"(anonymous_1)","decl":{"start":{"line":20,"column":20},"end":{"line":20,"column":21}},"loc":{"start":{"line":20,"column":40},"end":{"line":29,"column":1}},"line":20}},"branchMap":{"0":{"loc":{"start":{"line":14,"column":2},"end":{"line":16,"column":3}},"type":"if","locations":[{"start":{"line":14,"column":2},"end":{"line":16,"column":3}},{"start":{},"end":{}}],"line":14},"1":{"loc":{"start":{"line":25,"column":2},"end":{"line":27,"column":3}},"type":"if","locations":[{"start":{"line":25,"column":2},"end":{"line":27,"column":3}},{"start":{},"end":{}}],"line":25}},"s":{"0":1,"1":1,"2":0,"3":0,"4":0,"5":0,"6":0,"7":1,"8":0,"9":0,"10":0,"11":0},"f":{"0":0,"1":0},"b":{"0":[0,0],"1":[0,0]},"_coverageSchema":"1a1c01bbd47fc00a2c39e90264f33305004495a9","hash":"b1be0544531833f11d703b2181d6d6c71a7c0599"}
}
