TN:
SF:app.js
FNF:0
FNH:0
DA:13,1
DA:15,1
DA:17,1
DA:23,1
DA:24,1
DA:25,1
DA:26,1
DA:27,1
DA:28,1
DA:29,1
DA:30,1
DA:31,1
DA:32,1
LF:13
LH:13
BRF:0
BRH:0
end_of_record
TN:
SF:middleware\authMiddleware.js
FN:3,(anonymous_0)
FN:11,(anonymous_1)
FNF:2
FNH:0
FNDA:0,(anonymous_0)
FNDA:0,(anonymous_1)
DA:3,1
DA:4,0
DA:6,0
DA:7,0
DA:9,0
DA:11,0
DA:12,0
DA:13,0
DA:15,0
DA:16,0
LF:10
LH:1
BRDA:6,0,0,0
BRDA:6,0,1,0
BRDA:12,1,0,0
BRDA:12,1,1,0
BRF:4
BRH:0
end_of_record
TN:
SF:middleware\roleMiddleware.js
FN:3,(anonymous_0)
FN:4,(anonymous_1)
FN:21,(anonymous_2)
FNF:3
FNH:1
FNDA:8,(anonymous_0)
FNDA:0,(anonymous_1)
FNDA:0,(anonymous_2)
DA:3,1
DA:4,8
DA:5,0
DA:6,0
DA:8,0
DA:14,0
DA:17,0
DA:21,0
DA:23,0
DA:24,0
DA:27,0
DA:28,0
DA:31,0
LF:13
LH:2
BRDA:14,0,0,0
BRDA:14,0,1,0
BRDA:17,1,0,0
BRDA:17,1,1,0
BRDA:23,2,0,0
BRDA:23,2,1,0
BRDA:27,3,0,0
BRDA:27,3,1,0
BRF:8
BRH:0
end_of_record
TN:
SF:routes\calendar.js
FN:6,(anonymous_0)
FN:68,(anonymous_1)
FNF:2
FNH:0
FNDA:0,(anonymous_0)
FNDA:0,(anonymous_1)
DA:4,1
DA:6,1
DA:7,0
DA:8,0
DA:10,0
DA:11,0
DA:14,0
DA:15,0
DA:18,0
DA:20,0
DA:21,0
DA:22,0
DA:35,0
DA:40,0
DA:41,0
DA:42,0
DA:46,0
DA:47,0
DA:51,0
DA:52,0
DA:53,0
DA:57,0
DA:63,0
DA:64,0
DA:68,1
DA:69,0
DA:70,0
DA:72,0
DA:73,0
DA:76,0
DA:82,0
DA:83,0
DA:84,0
DA:88,0
DA:90,0
DA:91,0
DA:92,0
DA:94,0
DA:103,0
DA:105,0
DA:106,0
LF:41
LH:3
BRDA:10,0,0,0
BRDA:10,0,1,0
BRDA:14,1,0,0
BRDA:14,1,1,0
BRDA:14,2,0,0
BRDA:14,2,1,0
BRDA:27,3,0,0
BRDA:27,3,1,0
BRDA:28,4,0,0
BRDA:28,4,1,0
BRDA:29,5,0,0
BRDA:29,5,1,0
BRDA:40,6,0,0
BRDA:40,6,1,0
BRDA:46,7,0,0
BRDA:46,7,1,0
BRDA:51,8,0,0
BRDA:51,8,1,0
BRDA:72,9,0,0
BRDA:72,9,1,0
BRDA:82,10,0,0
BRDA:82,10,1,0
BRDA:91,11,0,0
BRDA:91,11,1,0
BRDA:97,12,0,0
BRDA:97,12,1,0
BRDA:98,13,0,0
BRDA:98,13,1,0
BRDA:99,14,0,0
BRDA:99,14,1,0
BRF:30
BRH:0
end_of_record
TN:
SF:routes\checkauth.js
FN:6,(anonymous_0)
FNF:1
FNH:0
FNDA:0,(anonymous_0)
DA:4,1
DA:6,1
DA:7,0
LF:3
LH:2
BRF:0
BRH:0
end_of_record
TN:
SF:routes\kanban.js
FN:8,(anonymous_0)
FN:15,(anonymous_1)
FN:38,(anonymous_2)
FN:43,(anonymous_3)
FN:44,(anonymous_4)
FN:47,(anonymous_5)
FN:51,(anonymous_6)
FN:63,(anonymous_7)
FN:74,(anonymous_8)
FN:77,(anonymous_9)
FN:86,(anonymous_10)
FN:89,(anonymous_11)
FN:105,(anonymous_12)
FN:144,(anonymous_13)
FN:165,(anonymous_14)
FN:195,(anonymous_15)
FN:218,(anonymous_16)
FN:237,(anonymous_17)
FN:260,(anonymous_18)
FN:281,(anonymous_19)
FN:313,(anonymous_20)
FNF:21
FNH:0
FNDA:0,(anonymous_0)
FNDA:0,(anonymous_1)
FNDA:0,(anonymous_2)
FNDA:0,(anonymous_3)
FNDA:0,(anonymous_4)
FNDA:0,(anonymous_5)
FNDA:0,(anonymous_6)
FNDA:0,(anonymous_7)
FNDA:0,(anonymous_8)
FNDA:0,(anonymous_9)
FNDA:0,(anonymous_10)
FNDA:0,(anonymous_11)
FNDA:0,(anonymous_12)
FNDA:0,(anonymous_13)
FNDA:0,(anonymous_14)
FNDA:0,(anonymous_15)
FNDA:0,(anonymous_16)
FNDA:0,(anonymous_17)
FNDA:0,(anonymous_18)
FNDA:0,(anonymous_19)
FNDA:0,(anonymous_20)
DA:6,1
DA:8,1
DA:9,0
DA:10,0
DA:11,0
DA:15,1
DA:16,0
DA:17,0
DA:19,0
DA:25,0
DA:27,0
DA:38,0
DA:41,0
DA:43,0
DA:44,0
DA:45,0
DA:47,0
DA:51,0
DA:54,0
DA:57,0
DA:59,0
DA:63,1
DA:64,0
DA:65,0
DA:71,0
DA:73,0
DA:74,0
DA:77,0
DA:79,0
DA:84,0
DA:86,0
DA:88,0
DA:89,0
DA:97,0
DA:101,1
DA:106,0
DA:107,0
DA:108,0
DA:110,0
DA:117,0
DA:119,0
DA:125,0
DA:127,0
DA:133,0
DA:135,0
DA:140,1
DA:145,0
DA:146,0
DA:147,0
DA:151,0
DA:153,0
DA:154,0
DA:156,0
DA:161,1
DA:166,0
DA:167,0
DA:168,0
DA:170,0
DA:177,0
DA:179,0
DA:191,0
DA:194,0
DA:195,0
DA:199,0
DA:202,0
DA:207,0
DA:209,0
DA:214,1
DA:219,0
DA:220,0
DA:221,0
DA:223,0
DA:230,0
DA:232,0
DA:236,0
DA:237,0
DA:241,0
DA:244,0
DA:249,0
DA:251,0
DA:256,1
DA:261,0
DA:262,0
DA:263,0
DA:267,0
DA:269,0
DA:270,0
DA:272,0
DA:277,1
DA:282,0
DA:283,0
DA:284,0
DA:286,0
DA:293,0
DA:295,0
DA:306,0
DA:308,0
DA:313,0
DA:315,0
DA:320,0
DA:322,0
LF:101
LH:10
BRDA:10,0,0,0
BRDA:10,0,1,0
BRDA:10,1,0,0
BRDA:10,1,1,0
BRDA:25,2,0,0
BRDA:25,2,1,0
BRDA:38,3,0,0
BRDA:38,3,1,0
BRDA:41,4,0,0
BRDA:41,4,1,0
BRDA:44,5,0,0
BRDA:44,5,1,0
BRDA:51,6,0,0
BRDA:51,6,1,0
BRDA:57,7,0,0
BRDA:57,7,1,0
BRDA:71,8,0,0
BRDA:71,8,1,0
BRDA:74,9,0,0
BRDA:74,9,1,0
BRDA:84,10,0,0
BRDA:84,10,1,0
BRDA:92,11,0,0
BRDA:92,11,1,0
BRDA:93,12,0,0
BRDA:93,12,1,0
BRDA:117,13,0,0
BRDA:117,13,1,0
BRDA:125,14,0,0
BRDA:125,14,1,0
BRDA:151,15,0,0
BRDA:151,15,1,0
BRDA:177,16,0,0
BRDA:177,16,1,0
BRDA:191,17,0,0
BRDA:191,17,1,0
BRDA:194,18,0,0
BRDA:194,18,1,0
BRDA:204,19,0,0
BRDA:204,19,1,0
BRDA:207,20,0,0
BRDA:207,20,1,0
BRDA:230,21,0,0
BRDA:230,21,1,0
BRDA:236,22,0,0
BRDA:236,22,1,0
BRDA:246,23,0,0
BRDA:246,23,1,0
BRDA:249,24,0,0
BRDA:249,24,1,0
BRDA:267,25,0,0
BRDA:267,25,1,0
BRDA:293,26,0,0
BRDA:293,26,1,0
BRDA:306,27,0,0
BRDA:306,27,1,0
BRDA:313,28,0,0
BRDA:313,28,1,0
BRF:58
BRH:0
end_of_record
TN:
SF:routes\login.js
FN:8,(anonymous_0)
FNF:1
FNH:0
FNDA:0,(anonymous_0)
DA:6,1
DA:8,1
DA:9,0
DA:10,0
DA:16,0
DA:17,0
DA:19,0
DA:20,0
DA:23,0
DA:25,0
DA:27,0
DA:38,0
DA:42,0
LF:13
LH:2
BRDA:16,0,0,0
BRDA:16,0,1,0
BRDA:19,1,0,0
BRDA:19,1,1,0
BRDA:38,2,0,0
BRDA:38,2,1,0
BRF:6
BRH:0
end_of_record
TN:
SF:routes\message.js
FN:7,(anonymous_0)
FN:22,(anonymous_1)
FNF:2
FNH:0
FNDA:0,(anonymous_0)
FNDA:0,(anonymous_1)
DA:5,1
DA:7,1
DA:8,0
DA:9,0
DA:11,0
DA:20,0
DA:22,0
DA:30,0
LF:8
LH:2
BRDA:20,0,0,0
BRDA:20,0,1,0
BRF:2
BRH:0
end_of_record
TN:
SF:routes\projects.js
FN:8,(anonymous_0)
FN:59,(anonymous_1)
FN:72,(anonymous_2)
FN:84,(anonymous_3)
FN:84,(anonymous_4)
FN:93,(anonymous_5)
FN:121,(anonymous_6)
FNF:7
FNH:0
FNDA:0,(anonymous_0)
FNDA:0,(anonymous_1)
FNDA:0,(anonymous_2)
FNDA:0,(anonymous_3)
FNDA:0,(anonymous_4)
FNDA:0,(anonymous_5)
FNDA:0,(anonymous_6)
DA:6,1
DA:8,1
DA:9,0
DA:11,0
DA:25,0
DA:54,0
DA:55,0
DA:56,0
DA:59,1
DA:60,0
DA:62,0
DA:63,0
DA:69,0
DA:70,0
DA:72,0
DA:73,0
DA:75,0
DA:78,0
DA:83,0
DA:84,0
DA:86,0
DA:89,1
DA:94,0
DA:96,0
DA:98,0
DA:112,0
DA:113,0
DA:117,1
DA:122,0
DA:126,0
DA:127,0
LF:31
LH:5
BRDA:22,0,0,0
BRDA:22,0,1,0
BRDA:54,1,0,0
BRDA:54,1,1,0
BRDA:62,2,0,0
BRDA:62,2,1,0
BRDA:62,3,0,0
BRDA:62,3,1,0
BRDA:62,3,2,0
BRDA:69,4,0,0
BRDA:69,4,1,0
BRDA:69,5,0,0
BRDA:69,5,1,0
BRDA:73,6,0,0
BRDA:73,6,1,0
BRDA:83,7,0,0
BRDA:83,7,1,0
BRDA:112,8,0,0
BRDA:112,8,1,0
BRDA:126,9,0,0
BRDA:126,9,1,0
BRF:21
BRH:0
end_of_record
TN:
SF:routes\register.js
FN:7,(anonymous_0)
FNF:1
FNH:1
FNDA:3,(anonymous_0)
DA:5,1
DA:7,1
DA:8,3
DA:10,3
DA:11,3
DA:13,3
DA:19,3
DA:20,1
DA:23,2
DA:24,1
DA:29,1
DA:35,1
DA:36,0
DA:39,1
LF:14
LH:13
BRDA:19,0,0,1
BRDA:19,0,1,2
BRDA:23,1,0,1
BRDA:23,1,1,1
BRDA:23,2,0,2
BRDA:23,2,1,1
BRDA:35,3,0,0
BRDA:35,3,1,1
BRF:8
BRH:7
end_of_record
TN:
SF:routes\tokengen.js
FN:7,(anonymous_0)
FN:14,(anonymous_1)
FNF:2
FNH:0
FNDA:0,(anonymous_0)
FNDA:0,(anonymous_1)
DA:3,1
DA:5,1
DA:7,1
DA:8,0
DA:9,0
DA:10,0
DA:11,0
DA:14,1
DA:15,0
DA:16,0
DA:18,0
DA:19,0
DA:20,0
DA:26,0
DA:28,0
DA:29,0
DA:31,0
DA:33,0
DA:42,0
DA:45,1
LF:20
LH:5
BRDA:18,0,0,0
BRDA:18,0,1,0
BRDA:18,1,0,0
BRDA:18,1,1,0
BRDA:26,2,0,0
BRDA:26,2,1,0
BRF:6
BRH:0
end_of_record
TN:
SF:routes\user.js
FN:6,(anonymous_0)
FN:20,(anonymous_1)
FNF:2
FNH:0
FNDA:0,(anonymous_0)
FNDA:0,(anonymous_1)
DA:4,1
DA:6,1
DA:7,0
DA:9,0
DA:14,0
DA:15,0
DA:17,0
DA:20,1
DA:21,0
DA:25,0
DA:26,0
DA:28,0
LF:12
LH:3
BRDA:14,0,0,0
BRDA:14,0,1,0
BRDA:25,1,0,0
BRDA:25,1,1,0
BRF:4
BRH:0
end_of_record
